Apr 21, 2014 3:36:39 PM com.rsc.erp.utils.parse.cognos.SalesforceReport findAccountFromSplitFileString
INFO: Account number from split file: 05-T000039 - THREE DOG BAKERY - SOUTHLAKE
Apr 21, 2014 3:36:39 PM com.rsc.erp.utils.parse.cognos.SalesforceReport createFileAndWriteSplitString
INFO: Created the new split file string : C:/Users/PAUL/Documents/OnlyFolderToUse/RSCWork/Work/Salesforce/ShawnReport/2014-04-21/1/05-T000039 - THREE DOG BAKERY - SOUTHLAKE.html
Apr 21, 2014 3:36:39 PM com.rsc.erp.utils.parse.cognos.SalesforceReport findAccountFromSplitFileString
INFO: Account number from split file: 05-T000094 - TAILS UP
Apr 21, 2014 3:36:39 PM com.rsc.erp.utils.parse.cognos.SalesforceReport createFileAndWriteSplitString
INFO: Created the new split file string : C:/Users/PAUL/Documents/OnlyFolderToUse/RSCWork/Work/Salesforce/ShawnReport/2014-04-21/1/05-T000094 - TAILS UP.html
Apr 21, 2014 3:36:39 PM com.rsc.erp.utils.parse.cognos.SalesforceReport findAccountFromSplitFileString
INFO: Account number from split file: 05-T000109 - TED TERROUX'S CANINE COLLEGE
Apr 21, 2014 3:36:39 PM com.rsc.erp.utils.parse.cognos.SalesforceReport createFileAndWriteSplitString
INFO: Created the new split file string : C:/Users/PAUL/Documents/OnlyFolderToUse/RSCWork/Work/Salesforce/ShawnReport/2014-04-21/1/05-T000109 - TED TERROUX'S CANINE COLLEGE.html
Apr 21, 2014 3:36:39 PM com.rsc.erp.utils.parse.cognos.SalesforceReport findAccountFromSplitFileString
INFO: Account number from split file: 05-T000159 - THE PALMS PET RESORT
Apr 21, 2014 3:36:39 PM com.rsc.erp.utils.parse.cognos.SalesforceReport createFileAndWriteSplitString
INFO: Created the new split file string : C:/Users/PAUL/Documents/OnlyFolderToUse/RSCWork/Work/Salesforce/ShawnReport/2014-04-21/1/05-T000159 - THE PALMS PET RESORT.html
Apr 21, 2014 3:36:39 PM com.rsc.erp.utils.parse.cognos.SalesforceReport findAccountFromSplitFileString
INFO: Account number from split file: 05-T000182 - THERAPET LTD
Apr 21, 2014 3:36:39 PM com.rsc.erp.utils.parse.cognos.SalesforceReport createFileAndWriteSplitString
INFO: Created the new split file string : C:/Users/PAUL/Documents/OnlyFolderToUse/RSCWork/Work/Salesforce/ShawnReport/2014-04-21/1/05-T000182 - THERAPET LTD.html
Apr 21, 2014 3:36:39 PM com.rsc.erp.utils.parse.cognos.SalesforceReport findAccountFromSplitFileString
INFO: Account number from split file: 05-T000197 - THREE DOG BAKERY - KANSAS CITY
Apr 21, 2014 3:36:39 PM com.rsc.erp.utils.parse.cognos.SalesforceReport createFileAndWriteSplitString
INFO: Created the new split file string : C:/Users/PAUL/Documents/OnlyFolderToUse/RSCWork/Work/Salesforce/ShawnReport/2014-04-21/1/05-T000197 - THREE DOG BAKERY - KANSAS CITY.html
Apr 21, 2014 3:36:39 PM com.rsc.erp.utils.parse.cognos.SalesforceReport findAccountFromSplitFileString
INFO: Account number from split file: 05-T000200 - THREE DOG BAKERY - WEST DES MOINES
Apr 21, 2014 3:36:39 PM com.rsc.erp.utils.parse.cognos.SalesforceReport createFileAndWriteSplitString
INFO: Created the new split file string : C:/Users/PAUL/Documents/OnlyFolderToUse/RSCWork/Work/Salesforce/ShawnReport/2014-04-21/1/05-T000200 - THREE DOG BAKERY - WEST DES MOINES.html
Apr 21, 2014 3:36:39 PM com.rsc.erp.utils.parse.cognos.SalesforceReport findAccountFromSplitFileString
INFO: Account number from split file: 05-T000216 - TLC CANINE CENTER
Apr 21, 2014 3:36:39 PM com.rsc.erp.utils.parse.cognos.SalesforceReport createFileAndWriteSplitString
INFO: Created the new split file string : C:/Users/PAUL/Documents/OnlyFolderToUse/RSCWork/Work/Salesforce/ShawnReport/2014-04-21/1/05-T000216 - TLC CANINE CENTER.html
Apr 21, 2014 3:36:39 PM com.rsc.erp.utils.parse.cognos.SalesforceReport findAccountFromSplitFileString
INFO: Account number from split file: 05-T000237 - TOWN AND COUNTRY ANIMAL CLINIC-RICHMOND
Apr 21, 2014 3:36:39 PM com.rsc.erp.utils.parse.cognos.SalesforceReport createFileAndWriteSplitString
INFO: Created the new split file string : C:/Users/PAUL/Documents/OnlyFolderToUse/RSCWork/Work/Salesforce/ShawnReport/2014-04-21/1/05-T000237 - TOWN AND COUNTRY ANIMAL CLINIC-RICHMOND.html
Apr 21, 2014 3:36:39 PM com.rsc.erp.utils.parse.cognos.SalesforceReport findAccountFromSplitFileString
INFO: Account number from split file: 05-T000257 - TRAVIS AND PRESLEY LLC
Apr 21, 2014 3:36:39 PM com.rsc.erp.utils.parse.cognos.SalesforceReport createFileAndWriteSplitString
INFO: Created the new split file string : C:/Users/PAUL/Documents/OnlyFolderToUse/RSCWork/Work/Salesforce/ShawnReport/2014-04-21/1/05-T000257 - TRAVIS AND PRESLEY LLC.html
Apr 21, 2014 3:36:39 PM com.rsc.erp.utils.parse.cognos.SalesforceReport findAccountFromSplitFileString
INFO: Account number from split file: 05-T000290 - TWISTED BRANCH AUSSIE RANCH
Apr 21, 2014 3:36:39 PM com.rsc.erp.utils.parse.cognos.SalesforceReport createFileAndWriteSplitString
INFO: Created the new split file string : C:/Users/PAUL/Documents/OnlyFolderToUse/RSCWork/Work/Salesforce/ShawnReport/2014-04-21/1/05-T000290 - TWISTED BRANCH AUSSIE RANCH.html
Apr 21, 2014 3:36:39 PM com.rsc.erp.utils.parse.cognos.SalesforceReport findAccountFromSplitFileString
INFO: Account number from split file: 05-T000293 - TWO PALS AND A PUP LLC
Apr 21, 2014 3:36:39 PM com.rsc.erp.utils.parse.cognos.SalesforceReport createFileAndWriteSplitString
INFO: Created the new split file string : C:/Users/PAUL/Documents/OnlyFolderToUse/RSCWork/Work/Salesforce/ShawnReport/2014-04-21/1/05-T000293 - TWO PALS AND A PUP LLC.html
Apr 21, 2014 3:36:39 PM com.rsc.erp.utils.parse.cognos.SalesforceReport findAccountFromSplitFileString
INFO: Account number from split file: 05-T000302 - THE WATERING BOWL
Apr 21, 2014 3:36:39 PM com.rsc.erp.utils.parse.cognos.SalesforceReport createFileAndWriteSplitString
INFO: Created the new split file string : C:/Users/PAUL/Documents/OnlyFolderToUse/RSCWork/Work/Salesforce/ShawnReport/2014-04-21/1/05-T000302 - THE WATERING BOWL.html
Apr 21, 2014 3:36:39 PM com.rsc.erp.utils.parse.cognos.SalesforceReport findAccountFromSplitFileString
INFO: Account number from split file: 05-T000542 - THE PET STUFF PLACE
Apr 21, 2014 3:36:39 PM com.rsc.erp.utils.parse.cognos.SalesforceReport createFileAndWriteSplitString
INFO: Created the new split file string : C:/Users/PAUL/Documents/OnlyFolderToUse/RSCWork/Work/Salesforce/ShawnReport/2014-04-21/1/05-T000542 - THE PET STUFF PLACE.html
Apr 21, 2014 3:36:39 PM com.rsc.erp.utils.parse.cognos.SalesforceReport findAccountFromSplitFileString
INFO: Account number from split file: 05-U000046 - URBAN VETERINARY CARE
Apr 21, 2014 3:36:39 PM com.rsc.erp.utils.parse.cognos.SalesforceReport createFileAndWriteSplitString
INFO: Created the new split file string : C:/Users/PAUL/Documents/OnlyFolderToUse/RSCWork/Work/Salesforce/ShawnReport/2014-04-21/1/05-U000046 - URBAN VETERINARY CARE.html
Apr 21, 2014 3:36:39 PM com.rsc.erp.utils.parse.cognos.SalesforceReport findAccountFromSplitFileString
INFO: Account number from split file: 05-V000020 - VALLEY VETERINARY CENTER
Apr 21, 2014 3:36:39 PM com.rsc.erp.utils.parse.cognos.SalesforceReport createFileAndWriteSplitString
INFO: Created the new split file string : C:/Users/PAUL/Documents/OnlyFolderToUse/RSCWork/Work/Salesforce/ShawnReport/2014-04-21/1/05-V000020 - VALLEY VETERINARY CENTER.html
Apr 21, 2014 3:36:39 PM com.rsc.erp.utils.parse.cognos.SalesforceReport findAccountFromSplitFileString
INFO: Account number from split file: 05-V000023 - VEDCO INCORPORATED
Apr 21, 2014 3:36:39 PM com.rsc.erp.utils.parse.cognos.SalesforceReport createFileAndWriteSplitString
INFO: Created the new split file string : C:/Users/PAUL/Documents/OnlyFolderToUse/RSCWork/Work/Salesforce/ShawnReport/2014-04-21/1/05-V000023 - VEDCO INCORPORATED.html
Apr 21, 2014 3:36:39 PM com.rsc.erp.utils.parse.cognos.SalesforceReport findAccountFromSplitFileString
INFO: Account number from split file: 05-W000002 - WESTWOOD ANIMAL HOSPITAL
Apr 21, 2014 3:36:39 PM com.rsc.erp.utils.parse.cognos.SalesforceReport createFileAndWriteSplitString
INFO: Created the new split file string : C:/Users/PAUL/Documents/OnlyFolderToUse/RSCWork/Work/Salesforce/ShawnReport/2014-04-21/1/05-W000002 - WESTWOOD ANIMAL HOSPITAL.html
Apr 21, 2014 3:36:39 PM com.rsc.erp.utils.parse.cognos.SalesforceReport findAccountFromSplitFileString
INFO: Account number from split file: 05-W000005 - WHAT A GREAT DOG
Apr 21, 2014 3:36:39 PM com.rsc.erp.utils.parse.cognos.SalesforceReport createFileAndWriteSplitString
INFO: Created the new split file string : C:/Users/PAUL/Documents/OnlyFolderToUse/RSCWork/Work/Salesforce/ShawnReport/2014-04-21/1/05-W000005 - WHAT A GREAT DOG.html
Apr 21, 2014 3:36:39 PM com.rsc.erp.utils.parse.cognos.SalesforceReport findAccountFromSplitFileString
INFO: Account number from split file: 05-W000009 - WAGGIE PET ZONE
Apr 21, 2014 3:36:39 PM com.rsc.erp.utils.parse.cognos.SalesforceReport createFileAndWriteSplitString
INFO: Created the new split file string : C:/Users/PAUL/Documents/OnlyFolderToUse/RSCWork/Work/Salesforce/ShawnReport/2014-04-21/1/05-W000009 - WAGGIE PET ZONE.html
Apr 21, 2014 3:36:39 PM com.rsc.erp.utils.parse.cognos.SalesforceReport findAccountFromSplitFileString
INFO: Account number from split file: 05-W000019 - WAYSIDE WAIFS HUMANE SOCIETY
Apr 21, 2014 3:36:39 PM com.rsc.erp.utils.parse.cognos.SalesforceReport createFileAndWriteSplitString
INFO: Created the new split file string : C:/Users/PAUL/Documents/OnlyFolderToUse/RSCWork/Work/Salesforce/ShawnReport/2014-04-21/1/05-W000019 - WAYSIDE WAIFS HUMANE SOCIETY.html
Apr 21, 2014 3:36:39 PM com.rsc.erp.utils.parse.cognos.SalesforceReport findAccountFromSplitFileString
INFO: Account number from split file: 05-W000039 - WINTERSET VETERINARY CENTER
Apr 21, 2014 3:36:39 PM com.rsc.erp.utils.parse.cognos.SalesforceReport createFileAndWriteSplitString
INFO: Created the new split file string : C:/Users/PAUL/Documents/OnlyFolderToUse/RSCWork/Work/Salesforce/ShawnReport/2014-04-21/1/05-W000039 - WINTERSET VETERINARY CENTER.html
Apr 21, 2014 3:36:39 PM com.rsc.erp.utils.parse.cognos.SalesforceReport findAccountFromSplitFileString
INFO: Account number from split file: 05-W000203 - WAGGIN RANCH LLC
Apr 21, 2014 3:36:39 PM com.rsc.erp.utils.parse.cognos.SalesforceReport createFileAndWriteSplitString
INFO: Created the new split file string : C:/Users/PAUL/Documents/OnlyFolderToUse/RSCWork/Work/Salesforce/ShawnReport/2014-04-21/1/05-W000203 - WAGGIN RANCH LLC.html
Apr 21, 2014 3:36:39 PM com.rsc.erp.utils.parse.cognos.SalesforceReport findAccountFromSplitFileString
INFO: Account number from split file: 05-Z000024 - ZOOM ROOM - LONGMONT
Apr 21, 2014 3:36:39 PM com.rsc.erp.utils.parse.cognos.SalesforceReport createFileAndWriteSplitString
INFO: Created the new split file string : C:/Users/PAUL/Documents/OnlyFolderToUse/RSCWork/Work/Salesforce/ShawnReport/2014-04-21/1/05-Z000024 - ZOOM ROOM - LONGMONT.html
Apr 21, 2014 3:36:39 PM com.rsc.erp.utils.parse.cognos.SalesforceReport findAccountFromSplitFileString
INFO: Account number from split file: 80-A000000 - ACE HARDWARE CORPORATION
Apr 21, 2014 3:36:39 PM com.rsc.erp.utils.parse.cognos.SalesforceReport createFileAndWriteSplitString
INFO: Created the new split file string : C:/Users/PAUL/Documents/OnlyFolderToUse/RSCWork/Work/Salesforce/ShawnReport/2014-04-21/1/80-A000000 - ACE HARDWARE CORPORATION.html
Apr 21, 2014 3:36:39 PM com.rsc.erp.utils.parse.cognos.SalesforceReport findAccountFromSplitFileString
INFO: Account number from split file: 80-B000060 - BUCHHEIT INC
Apr 21, 2014 3:36:39 PM com.rsc.erp.utils.parse.cognos.SalesforceReport createFileAndWriteSplitString
INFO: Created the new split file string : C:/Users/PAUL/Documents/OnlyFolderToUse/RSCWork/Work/Salesforce/ShawnReport/2014-04-21/1/80-B000060 - BUCHHEIT INC.html
Apr 21, 2014 3:36:39 PM com.rsc.erp.utils.parse.cognos.SalesforceReport findAccountFromSplitFileString
INFO: Account number from split file: 80-H000183 - HERITAGE TRADING COMPANY
Apr 21, 2014 3:36:39 PM com.rsc.erp.utils.parse.cognos.SalesforceReport createFileAndWriteSplitString
INFO: Created the new split file string : C:/Users/PAUL/Documents/OnlyFolderToUse/RSCWork/Work/Salesforce/ShawnReport/2014-04-21/1/80-H000183 - HERITAGE TRADING COMPANY.html
Apr 21, 2014 3:36:39 PM com.rsc.erp.utils.parse.cognos.SalesforceReport findAccountFromSplitFileString
INFO: Account number from split file: 80-L000076 - LEXTRON
Apr 21, 2014 3:36:39 PM com.rsc.erp.utils.parse.cognos.SalesforceReport createFileAndWriteSplitString
INFO: Created the new split file string : C:/Users/PAUL/Documents/OnlyFolderToUse/RSCWork/Work/Salesforce/ShawnReport/2014-04-21/1/80-L000076 - LEXTRON.html
Apr 21, 2014 3:36:39 PM com.rsc.erp.utils.parse.cognos.SalesforceReport findAccountFromSplitFileString
INFO: Account number from split file: 80-M000029 - MID STATES RURAL KING
Apr 21, 2014 3:36:39 PM com.rsc.erp.utils.parse.cognos.SalesforceReport createFileAndWriteSplitString
INFO: Created the new split file string : C:/Users/PAUL/Documents/OnlyFolderToUse/RSCWork/Work/Salesforce/ShawnReport/2014-04-21/1/80-M000029 - MID STATES RURAL KING.html
Apr 21, 2014 3:36:39 PM com.rsc.erp.utils.parse.cognos.SalesforceReport findAccountFromSplitFileString
INFO: Account number from split file: 80-N000001 - HAYNEEDLE INC
Apr 21, 2014 3:36:39 PM com.rsc.erp.utils.parse.cognos.SalesforceReport createFileAndWriteSplitString
INFO: Created the new split file string : C:/Users/PAUL/Documents/OnlyFolderToUse/RSCWork/Work/Salesforce/ShawnReport/2014-04-21/1/80-N000001 - HAYNEEDLE INC.html
Apr 21, 2014 3:36:39 PM com.rsc.erp.utils.parse.cognos.SalesforceReport findAccountFromSplitFileString
INFO: Account number from split file: 80-S000070 - PAMIDA INC
Apr 21, 2014 3:36:39 PM com.rsc.erp.utils.parse.cognos.SalesforceReport createFileAndWriteSplitString
INFO: Created the new split file string : C:/Users/PAUL/Documents/OnlyFolderToUse/RSCWork/Work/Salesforce/ShawnReport/2014-04-21/1/80-S000070 - PAMIDA INC.html
Apr 21, 2014 3:36:39 PM com.rsc.erp.utils.parse.cognos.SalesforceReport findAccountFromSplitFileString
INFO: Account number from split file: CH - Chris Hauge
Apr 21, 2014 3:36:39 PM com.rsc.erp.utils.parse.cognos.SalesforceReport createFileAndWriteSplitString
INFO: Created the new split file string : C:/Users/PAUL/Documents/OnlyFolderToUse/RSCWork/Work/Salesforce/ShawnReport/2014-04-21/1/CH - Chris Hauge.html
